Command line:
   te_isim_beh.exe
     -simmode  gui
     -simrunnum  0
     -socket  5045

Tue Nov 15 15:49:07 2022


 Elaboration Time: 0.015625 sec

 Current Memory Usage: 5154.14 Meg

 Total Signals          : 19
 Total Nets             : 113
 Total Signal Drivers   : 10
 Total Blocks           : 3
 Total Primitive Blocks : 2
 Total Processes        : 13
 Total Traceable Variables  : 24
 Total Scalar Nets and Variables : 356
Total Line Count : 34

 Total Simulation Time: 0.015625 sec

 Current Memory Usage: 4682.29 Meg

Tue Nov 15 15:51:23 2022

