Command line:
   tb_isim_beh.exe
     -simmode  gui
     -simrunnum  0
     -socket  5150

Tue Nov 15 16:02:29 2022


 Elaboration Time: 0.03125 sec

 Current Memory Usage: 5154.2 Meg

 Total Signals          : 26
 Total Nets             : 321
 Total Signal Drivers   : 17
 Total Blocks           : 3
 Total Primitive Blocks : 2
 Total Processes        : 21
 Total Traceable Variables  : 28
 Total Scalar Nets and Variables : 603
Total Line Count : 45

 Total Simulation Time: 0.03125 sec

 Current Memory Usage: 4996.91 Meg

Tue Nov 15 16:03:31 2022

